CASE 1
INFRINGING SEGMENT 1 LENGTH 12 POSITION 64
.
so there!

INFRINGING SEGMENT 2 LENGTH 5 POSITION 54
 the 
INFRINGING SEGMENT 3 LENGTH 5 POSITION 43
 the 
INFRINGING SEGMENT 4 LENGTH 5 POSITION 42
o the
INFRINGING SEGMENT 5 LENGTH 5 POSITION 6
 the 
INFRINGING SEGMENT 6 LENGTH 3 POSITION 15
 fo

CASE 2
INFRINGING SEGMENT 1 LENGTH 4 POSITION 0
xyzz
INFRINGING SEGMENT 2 LENGTH 3 POSITION 7
zzy
INFRINGING SEGMENT 3 LENGTH 2 POSITION 10
y


CASE 3
INFRINGING SEGMENT 1 LENGTH 6 POSITION 1
bcde 

INFRINGING SEGMENT 2 LENGTH 3 POSITION 0
abc
